<?xml version="1.0" encoding="UTF-8"?>
<!-- Generated by org.testng.reporters.JUnitXMLReporter -->
<testsuite hostname="Mamun" ignored="0" name="Test" tests="3" failures="0" timestamp="2022-11-04T23:30:27 EDT" time="101.297" errors="0">
  <testcase name="createLead" time="12.341" classname="integrateDataProWExcel.CreateLead"/>
  <testcase name="createLead" time="10.706" classname="integrateDataProWExcel.CreateLead"/>
  <testcase name="createLead" time="11.426" classname="integrateDataProWExcel.CreateLead"/>
</testsuite> <!-- Test -->
