<?xml version="1.0" encoding="UTF-8"?>
<!-- Generated by org.testng.reporters.JUnitXMLReporter -->
<testsuite hostname="Mamun" ignored="0" name="Test" tests="3" failures="0" timestamp="2022-11-28T21:44:10 EST" time="75.923" errors="0">
  <testcase name="editLead" time="19.343" classname="sequentialParallelTestNG.EditLead"/>
  <testcase name="createLead" time="40.868" classname="sequentialParallelTestNG.CreateLead"/>
  <testcase name="deleteLead" time="15.651" classname="sequentialParallelTestNG.DeleteLead"/>
</testsuite> <!-- Test -->
