<?xml version="1.0" encoding="UTF-8"?>
<testng-results skipped="0" failed="0" ignored="0" total="1" passed="1">
  <reporter-output>
  </reporter-output>
  <suite name="Default suite" duration-ms="61185" started-at="2022-11-17T23:26:45 EST" finished-at="2022-11-17T23:27:47 EST">
    <groups>
    </groups>
    <test name="Default test" duration-ms="61185" started-at="2022-11-17T23:26:45 EST" finished-at="2022-11-17T23:27:47 EST">
      <class name="startingPointOfFramework.TC001_CreatLead">
        <test-method status="PASS" signature="creatLead()[pri:0, instance:startingPointOfFramework.TC001_CreatLead@1f7030a6]" name="creatLead" duration-ms="61137" started-at="2022-11-17T23:26:46 EST" finished-at="2022-11-17T23:27:47 EST">
          <reporter-output>
          </reporter-output>
        </test-method> <!-- creatLead -->
      </class> <!-- startingPointOfFramework.TC001_CreatLead -->
    </test> <!-- Default test -->
  </suite> <!-- Default suite -->
</testng-results>
